<?xml version="1.0" encoding="UTF-8"?>
<!-- Generated by org.testng.reporters.JUnitReportReporter -->
<testsuite hostname="sandeeptj" name="WebDriverTest.FireFoxTest" tests="1" failures="0" timestamp="31 Jul 2015 19:17:25 GMT" time="1.513" errors="0">
  <testcase name="testGoogleTitle" time="1.513" classname="WebDriverTest.FireFoxTest"/>
</testsuite> <!-- WebDriverTest.FireFoxTest -->
